Arguments: 
  /home/tom/.nvm/versions/node/v14.18.0/bin/node /home/tom/.yarn/bin/yarn.js add @types/mode ts-node tsc typescript

PATH: 
  /home/tom/.yarn/bin:/home/tom/.config/yarn/global/node_modules/.bin:/home/tom/.nvm/versions/node/v14.18.0/bin:/home/tom/bin:/usr/local/bin:/home/tom/.local/bin:/home/tom/.local/bin:/usr/local/sbin:/usr/local/bin:/usr/sbin:/usr/bin:/sbin:/bin:/usr/games:/usr/local/games:/snap/bin

Yarn version: 
  1.22.15

Node version: 
  14.18.0

Platform: 
  linux x64

Trace: 
  Error: https://registry.yarnpkg.com/@types%2fmode: Not found
      at Request.params.callback [as _callback] (/home/tom/.yarn/lib/cli.js:67031:18)
      at Request.self.callback (/home/tom/.yarn/lib/cli.js:140885:22)
      at Request.emit (events.js:400:28)
      at Request.<anonymous> (/home/tom/.yarn/lib/cli.js:141857:10)
      at Request.emit (events.js:400:28)
      at IncomingMessage.<anonymous> (/home/tom/.yarn/lib/cli.js:141779:12)
      at Object.onceWrapper (events.js:519:28)
      at IncomingMessage.emit (events.js:412:35)
      at endReadableNT (internal/streams/readable.js:1334:12)
      at processTicksAndRejections (internal/process/task_queues.js:82:21)

npm manifest: 
  {
    "name": "costcalculator",
    "version": "1.0.0",
    "description": "",
    "main": "main.ts",
    "scripts": {
      "test": "echo \"Error: no test specified\" && exit 1"
    },
    "author": "",
    "license": "ISC"
  }

yarn manifest: 
  No manifest

Lockfile: 
  No lockfile
